
[12:02:01] [INFO] : CONSOLE issued server command : gm 1
[12:02:02] [INFO] : #Sun Apr 23 12:02:02 2023
[12:02:02] [INFO] : _____________________________________
[12:02:02] [INFO] : Starting Server class...
[12:02:02] [INFO] : _____________________________________
[12:02:02] [WARN] : This version is a developpement version ; launch it will maybe cause some issues.
[12:02:02] [INFO] : No worlds found, creating 3 new...
[12:02:02] [WARN] : Code not found, skipping...
[12:02:12] [INFO] : CONSOLE issued server command : bonjour
[12:02:18] [INFO] : CONSOLE issued server command : salut
[12:02:22] [INFO] : CONSOLE issued server command : gm 1
[17:52:16] [INFO] : CONSOLE issued server command : gs
[17:52:16] [INFO] : #Tue May  2 17:52:16 2023
[17:52:16] [INFO] : _____________________________________
[17:52:16] [INFO] : Starting Server class...
[17:52:16] [INFO] : _____________________________________
[17:52:16] [WARN] : This version is a developpement version ; launch it will maybe cause some issues.
[17:52:16] [INFO] : No worlds found, creating 3 new...
[17:52:16] [WARN] : Code not found, skipping...
[17:53:04] [INFO] : CONSOLE issued server command : gs
[17:53:05] [INFO] : #Tue May  2 17:53:05 2023
[17:53:05] [INFO] : _____________________________________
[17:53:05] [INFO] : Starting Server class...
[17:53:05] [INFO] : _____________________________________
[17:53:05] [WARN] : This version is a developpement version ; launch it will maybe cause some issues.
[17:53:05] [INFO] : No worlds found, creating 3 new...
[17:53:05] [WARN] : Code not found, skipping...
[17:53:52] [INFO] : CONSOLE issued server command : gs
[17:53:54] [INFO] : #Tue May  2 17:53:54 2023
[17:53:54] [INFO] : _____________________________________
[17:53:54] [INFO] : Starting Server class...
[17:53:54] [INFO] : _____________________________________
[17:53:54] [WARN] : This version is a developpement version ; launch it will maybe cause some issues.
[17:53:54] [INFO] : No worlds found, creating 3 new...
[17:53:54] [WARN] : Code not found, skipping...
[17:54:28] [INFO] : #Tue May  2 17:54:28 2023
[17:54:28] [INFO] : _____________________________________
[17:54:28] [INFO] : Starting Server class...
[17:54:28] [INFO] : _____________________________________
[17:54:28] [WARN] : This version is a developpement version ; launch it will maybe cause some issues.
[17:54:28] [INFO] : No worlds found, creating 3 new...
[17:54:28] [WARN] : Code not found, skipping...
[17:54:37] [INFO] : CONSOLE issued server command : gs
[17:54:46] [INFO] : CONSOLE issued server command : help
[17:55:15] [INFO] : CONSOLE issued server command : /help
[17:55:15] [WARN] : Unknow command. Type "help" for help.
[17:55:25] [INFO] : CONSOLE issued server command : /help
[17:55:25] [WARN] : Unknow command. Type "help" for help.
[17:55:29] [INFO] : CONSOLE issued server command : /give
[17:55:29] [WARN] : Unknow command. Type "help" for help.
[17:55:33] [INFO] : CONSOLE issued server command : /<=osde
[17:55:33] [WARN] : Unknow command. Type "help" for help.
[17:57:04] [INFO] : #Tue May  2 17:57:04 2023
[17:57:04] [INFO] : _____________________________________
[17:57:04] [INFO] : Starting Server class...
[17:57:04] [INFO] : _____________________________________
[17:57:04] [WARN] : This version is a developpement version ; launch it will maybe cause some issues.
[17:57:04] [INFO] : No worlds found, creating 3 new...
[17:57:04] [WARN] : Code not found, skipping...
[17:57:06] [INFO] : CONSOLE issued server command : /help
[17:57:19] [INFO] : CONSOLE issued server command : /gamemode
[17:57:19] [WARN] : Unknow command. Type "/help" for help.
[18:02:09] [INFO] : #Tue May  2 18:02:09 2023
[18:02:09] [INFO] : _____________________________________
[18:02:09] [INFO] : Starting Server class...
[18:02:09] [INFO] : _____________________________________
[18:02:09] [WARN] : This version is a developpement version ; launch it will maybe cause some issues.
[18:02:09] [INFO] : No worlds found, creating 3 new...
[18:02:09] [WARN] : Code not found, skipping...
[18:02:13] [INFO] : CONSOLE issued server command : /help
[18:02:13] [INFO] : Help showed to CONSOLE for path .
[18:04:12] [INFO] : #Tue May  2 18:04:12 2023
[18:04:12] [INFO] : _____________________________________
[18:04:12] [INFO] : Starting Server class...
[18:04:12] [INFO] : _____________________________________
[18:04:12] [WARN] : This version is a developpement version ; launch it will maybe cause some issues.
[18:04:12] [INFO] : No worlds found, creating 3 new...
[18:04:12] [WARN] : Code not found, skipping...
[18:04:16] [INFO] : CONSOLE issued server command : /help
[18:04:16] [INFO] : Help showed to CONSOLE for path .
[18:04:16] [INFO] : ____CONSOLE HELP MENU____
[18:04:16] [INFO] : - /help <path> --> show the help of the determined path
[18:04:16] [INFO] : ...
[10:49:03] [INFO] : #Wed May  3 10:49:03 2023
[10:49:03] [INFO] : _____________________________________
[10:49:03] [INFO] : Starting Server class...
[10:49:03] [INFO] : _____________________________________
[10:49:03] [WARN] : This version is a developpement version ; launch it will maybe cause some issues.
[10:49:03] [INFO] : No worlds found, creating 3 new...
[10:49:03] [WARN] : Code not found, skipping...
[10:49:07] [INFO] : CONSOLE issued server command : /help
[10:50:18] [INFO] : #Wed May  3 10:50:18 2023
[10:50:18] [INFO] : _____________________________________
[10:50:18] [INFO] : Starting Server class...
[10:50:18] [INFO] : _____________________________________
[10:50:18] [WARN] : This version is a developpement version ; launch it will maybe cause some issues.
[10:50:18] [INFO] : No worlds found, creating 3 new...
[10:50:18] [WARN] : Code not found, skipping...
[10:50:20] [INFO] : CONSOLE issued server command : /help
[10:51:03] [INFO] : #Wed May  3 10:51:03 2023
[10:51:03] [INFO] : _____________________________________
[10:51:03] [INFO] : Starting Server class...
[10:51:03] [INFO] : _____________________________________
[10:51:03] [WARN] : This version is a developpement version ; launch it will maybe cause some issues.
[10:51:03] [INFO] : No worlds found, creating 3 new...
[10:51:03] [WARN] : Code not found, skipping...
[10:51:05] [INFO] : CONSOLE issued server command : /help
[10:52:23] [INFO] : #Wed May  3 10:52:23 2023
[10:52:23] [INFO] : _____________________________________
[10:52:23] [INFO] : Starting Server class...
[10:52:23] [INFO] : _____________________________________
[10:52:23] [WARN] : This version is a developpement version ; launch it will maybe cause some issues.
[10:52:23] [INFO] : No worlds found, creating 3 new...
[10:52:23] [WARN] : Code not found, skipping...
[10:52:25] [INFO] : CONSOLE issued server command : /help
[10:53:01] [INFO] : #Wed May  3 10:53:01 2023
[10:53:01] [INFO] : _____________________________________
[10:53:01] [INFO] : Starting Server class...
[10:53:01] [INFO] : _____________________________________
[10:53:01] [WARN] : This version is a developpement version ; launch it will maybe cause some issues.
[10:53:01] [INFO] : No worlds found, creating 3 new...
[10:53:01] [WARN] : Code not found, skipping...
[10:53:03] [INFO] : CONSOLE issued server command : /help
[10:53:03] [INFO] : Help showed to CONSOLE for path .
[10:53:03] [INFO] : ____CONSOLE HELP MENU____
[10:53:03] [INFO] : - /help <path> --> show the help of the determined path
[10:53:03] [INFO] : ...